# JRE version: 7.0_07-b30
# Java VM: OpenJDK Client VM (23.2-b09 mixed mode linux-x86 )
Heap
 def new generation   total 4992K, used 4110K [0x8e980000, 0x8eee0000, 0x99420000)
  eden space 4480K,  80% used [0x8e980000, 0x8ed06a90, 0x8ede0000)
  from space 512K,  97% used [0x8ee60000, 0x8eedce08, 0x8eee0000)
  to   space 512K,   0% used [0x8ede0000, 0x8ede0000, 0x8ee60000)
 tenured generation   total 10944K, used 7331K [0x99420000, 0x99ed0000, 0xae980000)
   the space 10944K,  66% used [0x99420000, 0x99b48ce8, 0x99b48e00, 0x99ed0000)
 compacting perm gen  total 12288K, used 5527K [0xae980000, 0xaf580000, 0xb2980000)
   the space 12288K,  44% used [0xae980000, 0xaeee5fd8, 0xaeee6000, 0xaf580000)
GC Heap History (10 events):
Event: 175.502 GC heap before
{Heap before GC invocations=1044 (full 26):
 def new generation   total 4992K, used 4991K [0x8e980000, 0x8eee0000, 0x99420000)
  eden space 4480K, 100% used [0x8e980000, 0x8ede0000, 0x8ede0000)
  from space 512K,  99% used [0x8ede0000, 0x8ee5ff80, 0x8ee60000)
  to   space 512K,   0% used [0x8ee60000, 0x8ee60000, 0x8eee0000)
 tenured generation   total 10944K, used 6336K [0x99420000, 0x99ed0000, 0xae980000)
   the space 10944K,  57% used [0x99420000, 0x99a50358, 0x99a50400, 0x99ed0000)
 compacting perm gen  total 12288K, used 5517K [0xae980000, 0xaf580000, 0xb2980000)
   the space 12288K,  44% used [0xae980000, 0xaeee36f8, 0xaeee3800, 0xaf580000)
No shared spaces configured.
Event: 175.503 GC heap after
Heap after GC invocations=1045 (full 26):
 def new generation   total 4992K, used 511K [0x8e980000, 0x8eee0000, 0x99420000)
  eden space 4480K,   0% used [0x8e980000, 0x8e980000, 0x8ede0000)
  from space 512K,  99% used [0x8ee60000, 0x8eedff60, 0x8eee0000)
  to   space 512K,   0% used [0x8ede0000, 0x8ede0000, 0x8ee60000)
 tenured generation   total 10944K, used 6555K [0x99420000, 0x99ed0000, 0xae980000)
   the space 10944K,  59% used [0x99420000, 0x99a86ea0, 0x99a87000, 0x99ed0000)
 compacting perm gen  total 12288K, used 5517K [0xae980000, 0xaf580000, 0xb2980000)
   the space 12288K,  44% used [0xae980000, 0xaeee36f8, 0xaeee3800, 0xaf580000)
No shared spaces configured.
}
Event: 175.663 GC heap before
{Heap before GC invocations=1045 (full 26):
 def new generation   total 4992K, used 4991K [0x8e980000, 0x8eee0000, 0x99420000)
  eden space 4480K, 100% used [0x8e980000, 0x8ede0000, 0x8ede0000)
  from space 512K,  99% used [0x8ee60000, 0x8eedff60, 0x8eee0000)
  to   space 512K,   0% used [0x8ede0000, 0x8ede0000, 0x8ee60000)
 tenured generation   total 10944K, used 6555K [0x99420000, 0x99ed0000, 0xae980000)
   the space 10944K,  59% used [0x99420000, 0x99a86ea0, 0x99a87000, 0x99ed0000)
 compacting perm gen  total 12288K, used 5517K [0xae980000, 0xaf580000, 0xb2980000)
   the space 12288K,  44% used [0xae980000, 0xaeee36f8, 0xaeee3800, 0xaf580000)
No shared spaces configured.
Event: 175.664 GC heap after
Heap after GC invocations=1046 (full 26):
 def new generation   total 4992K, used 496K [0x8e980000, 0x8eee0000, 0x99420000)
  eden space 4480K,   0% used [0x8e980000, 0x8e980000, 0x8ede0000)
  from space 512K,  96% used [0x8ede0000, 0x8ee5c278, 0x8ee60000)
  to   space 512K,   0% used [0x8ee60000, 0x8ee60000, 0x8eee0000)
 tenured generation   total 10944K, used 6790K [0x99420000, 0x99ed0000, 0xae980000)
   the space 10944K,  62% used [0x99420000, 0x99ac1b38, 0x99ac1c00, 0x99ed0000)
 compacting perm gen  total 12288K, used 5517K [0xae980000, 0xaf580000, 0xb2980000)
   the space 12288K,  44% used [0xae980000, 0xaeee36f8, 0xaeee3800, 0xaf580000)
No shared spaces configured.
}
Event: 175.823 GC heap before
{Heap before GC invocations=1046 (full 26):
 def new generation   total 4992K, used 4961K [0x8e980000, 0x8eee0000, 0x99420000)
  eden space 4480K,  99% used [0x8e980000, 0x8eddc188, 0x8ede0000)
  from space 512K,  96% used [0x8ede0000, 0x8ee5c278, 0x8ee60000)
  to   space 512K,   0% used [0x8ee60000, 0x8ee60000, 0x8eee0000)
 tenured generation   total 10944K, used 6790K [0x99420000, 0x99ed0000, 0xae980000)
   the space 10944K,  62% used [0x99420000, 0x99ac1b38, 0x99ac1c00, 0x99ed0000)
 compacting perm gen  total 12288K, used 5517K [0xae980000, 0xaf580000, 0xb2980000)
   the space 12288K,  44% used [0xae980000, 0xaeee36f8, 0xaeee3800, 0xaf580000)
No shared spaces configured.
Event: 175.824 GC heap after
Heap after GC invocations=1047 (full 26):
 def new generation   total 4992K, used 511K [0x8e980000, 0x8eee0000, 0x99420000)
  eden space 4480K,   0% used [0x8e980000, 0x8e980000, 0x8ede0000)
  from space 512K,  99% used [0x8ee60000, 0x8eedff58, 0x8eee0000)
  to   space 512K,   0% used [0x8ede0000, 0x8ede0000, 0x8ee60000)
 tenured generation   total 10944K, used 6967K [0x99420000, 0x99ed0000, 0xae980000)
   the space 10944K,  63% used [0x99420000, 0x99aedc68, 0x99aede00, 0x99ed0000)
 compacting perm gen  total 12288K, used 5517K [0xae980000, 0xaf580000, 0xb2980000)
   the space 12288K,  44% used [0xae980000, 0xaeee36f8, 0xaeee3800, 0xaf580000)
No shared spaces configured.
}
Event: 175.984 GC heap before
{Heap before GC invocations=1047 (full 26):
 def new generation   total 4992K, used 4991K [0x8e980000, 0x8eee0000, 0x99420000)
  eden space 4480K, 100% used [0x8e980000, 0x8ede0000, 0x8ede0000)
  from space 512K,  99% used [0x8ee60000, 0x8eedff58, 0x8eee0000)
  to   space 512K,   0% used [0x8ede0000, 0x8ede0000, 0x8ee60000)
 tenured generation   total 10944K, used 6967K [0x99420000, 0x99ed0000, 0xae980000)
   the space 10944K,  63% used [0x99420000, 0x99aedc68, 0x99aede00, 0x99ed0000)
 compacting perm gen  total 12288K, used 5517K [0xae980000, 0xaf580000, 0xb2980000)
   the space 12288K,  44% used [0xae980000, 0xaeee36f8, 0xaeee3800, 0xaf580000)
No shared spaces configured.
Event: 175.985 GC heap after
Heap after GC invocations=1048 (full 26):
 def new generation   total 4992K, used 494K [0x8e980000, 0x8eee0000, 0x99420000)
  eden space 4480K,   0% used [0x8e980000, 0x8e980000, 0x8ede0000)
  from space 512K,  96% used [0x8ede0000, 0x8ee5bbd0, 0x8ee60000)
  to   space 512K,   0% used [0x8ee60000, 0x8ee60000, 0x8eee0000)
 tenured generation   total 10944K, used 7138K [0x99420000, 0x99ed0000, 0xae980000)
   the space 10944K,  65% used [0x99420000, 0x99b189e0, 0x99b18a00, 0x99ed0000)
 compacting perm gen  total 12288K, used 5517K [0xae980000, 0xaf580000, 0xb2980000)
   the space 12288K,  44% used [0xae980000, 0xaeee36f8, 0xaeee3800, 0xaf580000)
No shared spaces configured.
}
Event: 176.143 GC heap before
{Heap before GC invocations=1048 (full 26):
 def new generation   total 4992K, used 4974K [0x8e980000, 0x8eee0000, 0x99420000)
  eden space 4480K, 100% used [0x8e980000, 0x8ede0000, 0x8ede0000)
  from space 512K,  96% used [0x8ede0000, 0x8ee5bbd0, 0x8ee60000)
  to   space 512K,   0% used [0x8ee60000, 0x8ee60000, 0x8eee0000)
 tenured generation   total 10944K, used 7138K [0x99420000, 0x99ed0000, 0xae980000)
   the space 10944K,  65% used [0x99420000, 0x99b189e0, 0x99b18a00, 0x99ed0000)
 compacting perm gen  total 12288K, used 5517K [0xae980000, 0xaf580000, 0xb2980000)
   the space 12288K,  44% used [0xae980000, 0xaeee36f8, 0xaeee3800, 0xaf580000)
No shared spaces configured.
Event: 176.144 GC heap after
Heap after GC invocations=1049 (full 26):
 def new generation   total 4992K, used 499K [0x8e980000, 0x8eee0000, 0x99420000)
  eden space 4480K,   0% used [0x8e980000, 0x8e980000, 0x8ede0000)
  from space 512K,  97% used [0x8ee60000, 0x8eedce08, 0x8eee0000)
  to   space 512K,   0% used [0x8ede0000, 0x8ede0000, 0x8ee60000)
 tenured generation   total 10944K, used 7331K [0x99420000, 0x99ed0000, 0xae980000)
   the space 10944K,  66% used [0x99420000, 0x99b48ce8, 0x99b48e00, 0x99ed0000)
 compacting perm gen  total 12288K, used 5517K [0xae980000, 0xaf580000, 0xb2980000)
   the space 12288K,  44% used [0xae980000, 0xaeee36f8, 0xaeee3800, 0xaf580000)
No shared spaces configured.
}

